<?xml version="1.0" encoding="utf-8"?><testsuites name="pytest tests"><testsuite name="pytest" errors="0" failures="0" skipped="0" tests="31" time="4.067" timestamp="2026-07-11T23:57:57.997564+00:00" hostname="agent-env-485073bc-5ad4-4288-83d5-475f70d3d69a"><testcase classname="tests.test_backend_api.TestHealth" name="test_root" time="0.003" /><testcase classname="tests.test_backend_api.TestAuth" name="test_signup_seeds_and_returns_jwt" time="0.273" /><testcase classname="tests.test_backend_api.TestAuth" name="test_signup_duplicate_email" time="0.043" /><testcase classname="tests.test_backend_api.TestAuth" name="test_login_success" time="0.264" /><testcase classname="tests.test_backend_api.TestAuth" name="test_login_bad_password" time="0.265" /><testcase classname="tests.test_backend_api.TestAuth" name="test_me_with_token" time="0.003" /><testcase classname="tests.test_backend_api.TestAuth" name="test_me_without_token_401" time="0.001" /><testcase classname="tests.test_backend_api.TestAuth" name="test_patch_me" time="0.003" /><testcase classname="tests.test_backend_api.TestAuth" name="test_logout" time="0.002" /><testcase classname="tests.test_backend_api.TestWallets" name="test_create_wallet_and_verify" time="0.004" /><testcase classname="tests.test_backend_api.TestWallets" name="test_wallet_types_supported" time="0.023" /><testcase classname="tests.test_backend_api.TestWallets" name="test_delete_wallet_removes_transactions" time="0.009" /><testcase classname="tests.test_backend_api.TestTransactions" name="test_income_adds_balance" time="0.005" /><testcase classname="tests.test_backend_api.TestTransactions" name="test_expense_subtracts_balance" time="0.006" /><testcase classname="tests.test_backend_api.TestTransactions" name="test_transfer_requires_to_wallet" time="0.003" /><testcase classname="tests.test_backend_api.TestTransactions" name="test_transfer_moves_amount" time="0.009" /><testcase classname="tests.test_backend_api.TestTransactions" name="test_filter_by_type" time="0.002" /><testcase classname="tests.test_backend_api.TestTransactions" name="test_delete_reverses_balance" time="0.008" /><testcase classname="tests.test_backend_api.TestBudgets" name="test_create_and_spent_computed" time="0.007" /><testcase classname="tests.test_backend_api.TestGoals" name="test_create_goal_and_contribute" time="0.004" /><testcase classname="tests.test_backend_api.TestGoals" name="test_goal_kinds" time="0.011" /><testcase classname="tests.test_backend_api.TestPlans" name="test_default_checklist_counts" time="0.007" /><testcase classname="tests.test_backend_api.TestPlans" name="test_patch_items" time="0.004" /><testcase classname="tests.test_backend_api.TestPortfolio" name="test_debt_crud" time="0.003" /><testcase classname="tests.test_backend_api.TestPortfolio" name="test_investment_crud" time="0.002" /><testcase classname="tests.test_backend_api.TestPortfolio" name="test_asset_crud" time="0.003" /><testcase classname="tests.test_backend_api.TestAnalytics" name="test_summary_shape" time="0.004" /><testcase classname="tests.test_backend_api.TestCoach" name="test_history_empty_initially" time="0.002" /><testcase classname="tests.test_backend_api.TestCoach" name="test_coach_chat_stream" time="3.052" /><testcase classname="tests.test_backend_api.TestCoach" name="test_history_after_chat" time="0.003" /><testcase classname="tests.test_backend_api.TestSecurity" name="test_endpoints_require_auth" time="0.018" /></testsuite></testsuites>